2019-02-04 16:24:53.890  INFO 16624 --- [main] com.currency.Application                 : Starting Application on tc15650551 with PID 16624 (C:\Users\TCUPOLAT\Documents\workspace-sts-3.9.7.RELEASE\foreign-currency-converter\target\classes started by TCUPOLAT in C:\Users\TCUPOLAT\Documents\workspace-sts-3.9.7.RELEASE\foreign-currency-converter)
2019-02-04 16:24:53.894 DEBUG 16624 --- [main] com.currency.Application                 : Running with Spring Boot v2.0.0.RELEASE, Spring v5.0.4.RELEASE
2019-02-04 16:24:53.896  INFO 16624 --- [main] com.currency.Application                 : No active profile set, falling back to default profiles: default
2019-02-04 16:24:56.525  INFO 16624 --- [main] com.currency.Application                 : Started Application in 3.113 seconds (JVM running for 4.067)
2019-02-04 16:25:14.647  INFO 16624 --- [http-nio-8080-exec-2] c.c.s.CurrencyConverterServiceImpl       : findConversion begins for currency: GBP
2019-02-04 16:25:14.648  INFO 16624 --- [http-nio-8080-exec-2] c.c.s.CurrencyConverterServiceImpl       : Initiating checkCurrencies for TRYGBP
2019-02-04 16:25:14.654  INFO 16624 --- [http-nio-8080-exec-2] c.c.s.CurrencyConverterServiceImpl       : Initiating Get request http://apilayer.net/api/list?access_key=428574f29551fddbae99182595396522
2019-02-04 16:25:15.336  INFO 16624 --- [http-nio-8080-exec-2] c.c.s.CurrencyConverterServiceImpl       : Initiating External service request for TRYGBP
2019-02-04 16:25:15.337  INFO 16624 --- [http-nio-8080-exec-2] c.c.s.CurrencyConverterServiceImpl       : Initiating Get request http://apilayer.net/api/live?access_key=428574f29551fddbae99182595396522&currencies=TRY,GBP
2019-02-04 16:25:15.627  INFO 16624 --- [http-nio-8080-exec-2] c.c.s.CurrencyConverterServiceImpl       : Received parameters: {success=true, terms=https://currencylayer.com/terms, privacy=https://currencylayer.com/privacy, timestamp=1549286346, source=USD, quotes={USDTRY=5.215903, USDGBP=0.766265}}
2019-02-04 16:25:15.628  INFO 16624 --- [http-nio-8080-exec-2] c.c.s.CurrencyConverterServiceImpl       : checkResponse is successful. Operation is continuing
2019-02-04 16:25:15.629  INFO 16624 --- [http-nio-8080-exec-2] c.c.s.CurrencyConverterServiceImpl       : SourceRate : 
2019-02-04 16:25:15.629  INFO 16624 --- [http-nio-8080-exec-2] c.c.s.CurrencyConverterServiceImpl       : TargetRate : 
2019-02-04 16:25:15.630  INFO 16624 --- [http-nio-8080-exec-2] c.c.s.CurrencyConverterServiceImpl       : getRateAndCheckService has ended. Rate : 
2019-02-04 16:25:15.632  INFO 16624 --- [http-nio-8080-exec-2] c.c.s.CurrencyConverterServiceImpl       : findConversion has ended successfully for currency: GBP
2019-02-04 16:28:32.527  INFO 16624 --- [http-nio-8080-exec-5] c.c.s.CurrencyConverterServiceImpl       : findConversion begins for currency: GBP
2019-02-04 16:28:32.528  INFO 16624 --- [http-nio-8080-exec-5] c.c.s.CurrencyConverterServiceImpl       : Initiating checkCurrencies for TRfYGBP
2019-02-04 16:28:32.528  INFO 16624 --- [http-nio-8080-exec-5] c.c.s.CurrencyConverterServiceImpl       : Initiating Get request http://apilayer.net/api/list?access_key=428574f29551fddbae99182595396522
2019-02-04 16:28:32.829  INFO 16624 --- [http-nio-8080-exec-5] c.c.s.CurrencyConverterServiceImpl       : getRateAndCheckService has ended. Rate: null
2019-02-04 16:28:32.834 ERROR 16624 --- [http-nio-8080-exec-5] c.c.s.CurrencyConverterServiceImpl       : There is no currency for: TRfYGBP

com.currency.exception.CurrencyException: There is no currency for: TRfYGBP
	at com.currency.service.CurrencyConverterServiceImpl.checkCurrencies(CurrencyConverterServiceImpl.java:152) ~[classes/:na]
	at com.currency.service.CurrencyConverterServiceImpl.getRateAndCheckService(CurrencyConverterServiceImpl.java:113) ~[classes/:na]
	at com.currency.service.CurrencyConverterServiceImpl.findConversion(CurrencyConverterServiceImpl.java:85) ~[classes/:na]
	at com.currency.controller.CurrencyConverterController.findConversion(CurrencyConverterController.java:47) [classes/:na]
	at sun.reflect.NativeMethodAccessorImpl.invoke0(Native Method) ~[na:1.8.0_191]
	at sun.reflect.NativeMethodAccessorImpl.invoke(NativeMethodAccessorImpl.java:62) ~[na:1.8.0_191]
	at sun.reflect.DelegatingMethodAccessorImpl.invoke(DelegatingMethodAccessorImpl.java:43) ~[na:1.8.0_191]
	at java.lang.reflect.Method.invoke(Method.java:498) ~[na:1.8.0_191]
	at org.springframework.web.method.support.InvocableHandlerMethod.doInvoke(InvocableHandlerMethod.java:209) [spring-web-5.0.4.RELEASE.jar:5.0.4.RELEASE]
	at org.springframework.web.method.support.InvocableHandlerMethod.invokeForRequest(InvocableHandlerMethod.java:136) [spring-web-5.0.4.RELEASE.jar:5.0.4.RELEASE]
	at org.springframework.web.servlet.mvc.method.annotation.ServletInvocableHandlerMethod.invokeAndHandle(ServletInvocableHandlerMethod.java:102) [spring-webmvc-5.0.4.RELEASE.jar:5.0.4.RELEASE]
	at org.springframework.web.servlet.mvc.method.annotation.RequestMappingHandlerAdapter.invokeHandlerMethod(RequestMappingHandlerAdapter.java:870) [spring-webmvc-5.0.4.RELEASE.jar:5.0.4.RELEASE]
	at org.springframework.web.servlet.mvc.method.annotation.RequestMappingHandlerAdapter.handleInternal(RequestMappingHandlerAdapter.java:776) [spring-webmvc-5.0.4.RELEASE.jar:5.0.4.RELEASE]
	at org.springframework.web.servlet.mvc.method.AbstractHandlerMethodAdapter.handle(AbstractHandlerMethodAdapter.java:87) [spring-webmvc-5.0.4.RELEASE.jar:5.0.4.RELEASE]
	at org.springframework.web.servlet.DispatcherServlet.doDispatch(DispatcherServlet.java:991) [spring-webmvc-5.0.4.RELEASE.jar:5.0.4.RELEASE]
	at org.springframework.web.servlet.DispatcherServlet.doService(DispatcherServlet.java:925) [spring-webmvc-5.0.4.RELEASE.jar:5.0.4.RELEASE]
	at org.springframework.web.servlet.FrameworkServlet.processRequest(FrameworkServlet.java:978) [spring-webmvc-5.0.4.RELEASE.jar:5.0.4.RELEASE]
	at org.springframework.web.servlet.FrameworkServlet.doGet(FrameworkServlet.java:870) [spring-webmvc-5.0.4.RELEASE.jar:5.0.4.RELEASE]
	at javax.servlet.http.HttpServlet.service(HttpServlet.java:635) [tomcat-embed-core-8.5.28.jar:8.5.28]
	at org.springframework.web.servlet.FrameworkServlet.service(FrameworkServlet.java:855) [spring-webmvc-5.0.4.RELEASE.jar:5.0.4.RELEASE]
	at javax.servlet.http.HttpServlet.service(HttpServlet.java:742) [tomcat-embed-core-8.5.28.jar:8.5.28]
	at org.apache.catalina.core.ApplicationFilterChain.internalDoFilter(ApplicationFilterChain.java:231) [tomcat-embed-core-8.5.28.jar:8.5.28]
	at org.apache.catalina.core.ApplicationFilterChain.doFilter(ApplicationFilterChain.java:166) [tomcat-embed-core-8.5.28.jar:8.5.28]
	at org.apache.tomcat.websocket.server.WsFilter.doFilter(WsFilter.java:52) [tomcat-embed-websocket-8.5.28.jar:8.5.28]
	at org.apache.catalina.core.ApplicationFilterChain.internalDoFilter(ApplicationFilterChain.java:193) [tomcat-embed-core-8.5.28.jar:8.5.28]
	at org.apache.catalina.core.ApplicationFilterChain.doFilter(ApplicationFilterChain.java:166) [tomcat-embed-core-8.5.28.jar:8.5.28]
	at org.springframework.web.filter.RequestContextFilter.doFilterInternal(RequestContextFilter.java:99) [spring-web-5.0.4.RELEASE.jar:5.0.4.RELEASE]
	at org.springframework.web.filter.OncePerRequestFilter.doFilter(OncePerRequestFilter.java:107) [spring-web-5.0.4.RELEASE.jar:5.0.4.RELEASE]
	at org.apache.catalina.core.ApplicationFilterChain.internalDoFilter(ApplicationFilterChain.java:193) [tomcat-embed-core-8.5.28.jar:8.5.28]
	at org.apache.catalina.core.ApplicationFilterChain.doFilter(ApplicationFilterChain.java:166) [tomcat-embed-core-8.5.28.jar:8.5.28]
	at org.springframework.web.filter.HttpPutFormContentFilter.doFilterInternal(HttpPutFormContentFilter.java:109) [spring-web-5.0.4.RELEASE.jar:5.0.4.RELEASE]
	at org.springframework.web.filter.OncePerRequestFilter.doFilter(OncePerRequestFilter.java:107) [spring-web-5.0.4.RELEASE.jar:5.0.4.RELEASE]
	at org.apache.catalina.core.ApplicationFilterChain.internalDoFilter(ApplicationFilterChain.java:193) [tomcat-embed-core-8.5.28.jar:8.5.28]
	at org.apache.catalina.core.ApplicationFilterChain.doFilter(ApplicationFilterChain.java:166) [tomcat-embed-core-8.5.28.jar:8.5.28]
	at org.springframework.web.filter.HiddenHttpMethodFilter.doFilterInternal(HiddenHttpMethodFilter.java:81) [spring-web-5.0.4.RELEASE.jar:5.0.4.RELEASE]
	at org.springframework.web.filter.OncePerRequestFilter.doFilter(OncePerRequestFilter.java:107) [spring-web-5.0.4.RELEASE.jar:5.0.4.RELEASE]
	at org.apache.catalina.core.ApplicationFilterChain.internalDoFilter(ApplicationFilterChain.java:193) [tomcat-embed-core-8.5.28.jar:8.5.28]
	at org.apache.catalina.core.ApplicationFilterChain.doFilter(ApplicationFilterChain.java:166) [tomcat-embed-core-8.5.28.jar:8.5.28]
	at org.springframework.web.filter.CharacterEncodingFilter.doFilterInternal(CharacterEncodingFilter.java:200) [spring-web-5.0.4.RELEASE.jar:5.0.4.RELEASE]
	at org.springframework.web.filter.OncePerRequestFilter.doFilter(OncePerRequestFilter.java:107) [spring-web-5.0.4.RELEASE.jar:5.0.4.RELEASE]
	at org.apache.catalina.core.ApplicationFilterChain.internalDoFilter(ApplicationFilterChain.java:193) [tomcat-embed-core-8.5.28.jar:8.5.28]
	at org.apache.catalina.core.ApplicationFilterChain.doFilter(ApplicationFilterChain.java:166) [tomcat-embed-core-8.5.28.jar:8.5.28]
	at org.apache.catalina.core.StandardWrapperValve.invoke(StandardWrapperValve.java:199) [tomcat-embed-core-8.5.28.jar:8.5.28]
	at org.apache.catalina.core.StandardContextValve.invoke(StandardContextValve.java:96) [tomcat-embed-core-8.5.28.jar:8.5.28]
	at org.apache.catalina.authenticator.AuthenticatorBase.invoke(AuthenticatorBase.java:496) [tomcat-embed-core-8.5.28.jar:8.5.28]
	at org.apache.catalina.core.StandardHostValve.invoke(StandardHostValve.java:140) [tomcat-embed-core-8.5.28.jar:8.5.28]
	at org.apache.catalina.valves.ErrorReportValve.invoke(ErrorReportValve.java:81) [tomcat-embed-core-8.5.28.jar:8.5.28]
	at org.apache.catalina.core.StandardEngineValve.invoke(StandardEngineValve.java:87) [tomcat-embed-core-8.5.28.jar:8.5.28]
	at org.apache.catalina.connector.CoyoteAdapter.service(CoyoteAdapter.java:342) [tomcat-embed-core-8.5.28.jar:8.5.28]
	at org.apache.coyote.http11.Http11Processor.service(Http11Processor.java:803) [tomcat-embed-core-8.5.28.jar:8.5.28]
	at org.apache.coyote.AbstractProcessorLight.process(AbstractProcessorLight.java:66) [tomcat-embed-core-8.5.28.jar:8.5.28]
	at org.apache.coyote.AbstractProtocol$ConnectionHandler.process(AbstractProtocol.java:790) [tomcat-embed-core-8.5.28.jar:8.5.28]
	at org.apache.tomcat.util.net.NioEndpoint$SocketProcessor.doRun(NioEndpoint.java:1459) [tomcat-embed-core-8.5.28.jar:8.5.28]
	at org.apache.tomcat.util.net.SocketProcessorBase.run(SocketProcessorBase.java:49) [tomcat-embed-core-8.5.28.jar:8.5.28]
	at java.util.concurrent.ThreadPoolExecutor.runWorker(ThreadPoolExecutor.java:1149) [na:1.8.0_191]
	at java.util.concurrent.ThreadPoolExecutor$Worker.run(ThreadPoolExecutor.java:624) [na:1.8.0_191]
	at org.apache.tomcat.util.threads.TaskThread$WrappingRunnable.run(TaskThread.java:61) [tomcat-embed-core-8.5.28.jar:8.5.28]
	at java.lang.Thread.run(Thread.java:748) [na:1.8.0_191]

2019-02-04 16:28:49.578  INFO 16624 --- [http-nio-8080-exec-6] c.c.s.CurrencyConverterServiceImpl       : findConversion begins for currency: USD
2019-02-04 16:28:49.579  INFO 16624 --- [http-nio-8080-exec-6] c.c.s.CurrencyConverterServiceImpl       : Initiating checkCurrencies for TRYUSD
2019-02-04 16:28:49.580  INFO 16624 --- [http-nio-8080-exec-6] c.c.s.CurrencyConverterServiceImpl       : Initiating Get request http://apilayer.net/api/list?access_key=428574f29551fddbae99182595396522
2019-02-04 16:28:49.851  INFO 16624 --- [http-nio-8080-exec-6] c.c.s.CurrencyConverterServiceImpl       : Initiating External service request for TRYUSD
2019-02-04 16:28:49.851  INFO 16624 --- [http-nio-8080-exec-6] c.c.s.CurrencyConverterServiceImpl       : Initiating Get request http://apilayer.net/api/live?access_key=428574f29551fddbae99182595396522&currencies=TRY,USD
2019-02-04 16:28:50.099  INFO 16624 --- [http-nio-8080-exec-6] c.c.s.CurrencyConverterServiceImpl       : Received parameters: {success=true, terms=https://currencylayer.com/terms, privacy=https://currencylayer.com/privacy, timestamp=1549286346, source=USD, quotes={USDTRY=5.215903, USDUSD=1}}
2019-02-04 16:28:50.100  INFO 16624 --- [http-nio-8080-exec-6] c.c.s.CurrencyConverterServiceImpl       : checkResponse is successful. Operation is continuing
2019-02-04 16:28:50.100  INFO 16624 --- [http-nio-8080-exec-6] c.c.s.CurrencyConverterServiceImpl       : SourceRate: 5.21590300
2019-02-04 16:28:50.101  INFO 16624 --- [http-nio-8080-exec-6] c.c.s.CurrencyConverterServiceImpl       : TargetRate: 1.00000000
2019-02-04 16:28:50.102  INFO 16624 --- [http-nio-8080-exec-6] c.c.s.CurrencyConverterServiceImpl       : getRateAndCheckService has ended. Rate: 0.19172136
2019-02-04 16:28:50.102  INFO 16624 --- [http-nio-8080-exec-6] c.c.s.CurrencyConverterServiceImpl       : findConversion has ended successfully for currency: USD
2019-02-04 16:34:42.854  INFO 16624 --- [http-nio-8080-exec-9] c.c.s.CurrencyConverterServiceImpl       : findConversion begins for currency: USD
2019-02-04 16:34:42.855  INFO 16624 --- [http-nio-8080-exec-9] c.c.s.CurrencyConverterServiceImpl       : Initiating checkCurrencies for TRYUSD
2019-02-04 16:34:42.855  INFO 16624 --- [http-nio-8080-exec-9] c.c.s.CurrencyConverterServiceImpl       : Initiating Get request http://apilayer.net/api/list?access_key=428574f29551fddbae99182595396522
2019-02-04 16:34:43.478  INFO 16624 --- [http-nio-8080-exec-9] c.c.s.CurrencyConverterServiceImpl       : Initiating External service request for TRYUSD
2019-02-04 16:34:43.479  INFO 16624 --- [http-nio-8080-exec-9] c.c.s.CurrencyConverterServiceImpl       : Initiating Get request http://apilayer.net/api/live?access_key=428574f29551fddbae99182595396522&currencies=TRY,USD
2019-02-04 16:34:43.840  INFO 16624 --- [http-nio-8080-exec-9] c.c.s.CurrencyConverterServiceImpl       : Received parameters: {success=true, terms=https://currencylayer.com/terms, privacy=https://currencylayer.com/privacy, timestamp=1549286346, source=USD, quotes={USDTRY=5.215903, USDUSD=1}}
2019-02-04 16:34:43.841  INFO 16624 --- [http-nio-8080-exec-9] c.c.s.CurrencyConverterServiceImpl       : checkResponse is successful. Operation is continuing
2019-02-04 16:34:43.842  INFO 16624 --- [http-nio-8080-exec-9] c.c.s.CurrencyConverterServiceImpl       : SourceRate: 5.21590300
2019-02-04 16:34:43.843  INFO 16624 --- [http-nio-8080-exec-9] c.c.s.CurrencyConverterServiceImpl       : TargetRate: 1.00000000
2019-02-04 16:34:43.845  INFO 16624 --- [http-nio-8080-exec-9] c.c.s.CurrencyConverterServiceImpl       : getRateAndCheckService has ended. Rate: 0.19172136
2019-02-04 16:34:43.846  INFO 16624 --- [http-nio-8080-exec-9] c.c.s.CurrencyConverterServiceImpl       : findConversion has ended successfully for currency: USD
2019-02-04 16:35:58.957  INFO 16624 --- [http-nio-8080-exec-2] c.c.s.CurrencyConverterServiceImpl       : findConversion begins for currency: USD
2019-02-04 16:35:58.958  INFO 16624 --- [http-nio-8080-exec-2] c.c.s.CurrencyConverterServiceImpl       : Initiating checkCurrencies for TRYUSD
2019-02-04 16:35:58.958  INFO 16624 --- [http-nio-8080-exec-2] c.c.s.CurrencyConverterServiceImpl       : Initiating Get request http://apilayer.net/api/list?access_key=428574f29551fddbae99182595396522
2019-02-04 16:35:59.233  INFO 16624 --- [http-nio-8080-exec-2] c.c.s.CurrencyConverterServiceImpl       : Initiating External service request for TRYUSD
2019-02-04 16:35:59.234  INFO 16624 --- [http-nio-8080-exec-2] c.c.s.CurrencyConverterServiceImpl       : Initiating Get request http://apilayer.net/api/live?access_key=428574f29551fddbae99182595396522&currencies=TRY,USD
2019-02-04 16:35:59.492  INFO 16624 --- [http-nio-8080-exec-2] c.c.s.CurrencyConverterServiceImpl       : Received parameters: {success=true, terms=https://currencylayer.com/terms, privacy=https://currencylayer.com/privacy, timestamp=1549286346, source=USD, quotes={USDTRY=5.215903, USDUSD=1}}
2019-02-04 16:35:59.494  INFO 16624 --- [http-nio-8080-exec-2] c.c.s.CurrencyConverterServiceImpl       : checkResponse is successful. Operation is continuing
2019-02-04 16:35:59.494  INFO 16624 --- [http-nio-8080-exec-2] c.c.s.CurrencyConverterServiceImpl       : SourceRate: 5.21590300
2019-02-04 16:35:59.496  INFO 16624 --- [http-nio-8080-exec-2] c.c.s.CurrencyConverterServiceImpl       : TargetRate: 1.00000000
2019-02-04 16:35:59.496  INFO 16624 --- [http-nio-8080-exec-2] c.c.s.CurrencyConverterServiceImpl       : getRateAndCheckService has ended. Rate: 0.19172136
2019-02-04 16:35:59.497  INFO 16624 --- [http-nio-8080-exec-2] c.c.s.CurrencyConverterServiceImpl       : findConversion has ended successfully for currency: USD
2019-02-04 16:36:39.995  INFO 16624 --- [http-nio-8080-exec-3] c.c.s.CurrencyConverterServiceImpl       : getExchangeRate begins for currency: GBRTRY
2019-02-04 16:36:39.995  INFO 16624 --- [http-nio-8080-exec-3] c.c.s.CurrencyConverterServiceImpl       : Initiating checkCurrencies for GBRTRY
2019-02-04 16:36:39.996  INFO 16624 --- [http-nio-8080-exec-3] c.c.s.CurrencyConverterServiceImpl       : Initiating Get request http://apilayer.net/api/list?access_key=428574f29551fddbae99182595396522
2019-02-04 16:36:40.267  INFO 16624 --- [http-nio-8080-exec-3] c.c.s.CurrencyConverterServiceImpl       : getRateAndCheckService has ended. Rate: null
2019-02-04 16:36:40.270 ERROR 16624 --- [http-nio-8080-exec-3] c.c.s.CurrencyConverterServiceImpl       : There is no currency for: GBRTRY

com.currency.exception.CurrencyException: There is no currency for: GBRTRY
	at com.currency.service.CurrencyConverterServiceImpl.checkCurrencies(CurrencyConverterServiceImpl.java:152) ~[classes/:na]
	at com.currency.service.CurrencyConverterServiceImpl.getRateAndCheckService(CurrencyConverterServiceImpl.java:113) ~[classes/:na]
	at com.currency.service.CurrencyConverterServiceImpl.getExchangeRate(CurrencyConverterServiceImpl.java:52) ~[classes/:na]
	at com.currency.controller.CurrencyConverterController.getExchangeRate(CurrencyConverterController.java:32) [classes/:na]
	at sun.reflect.NativeMethodAccessorImpl.invoke0(Native Method) ~[na:1.8.0_191]
	at sun.reflect.NativeMethodAccessorImpl.invoke(NativeMethodAccessorImpl.java:62) ~[na:1.8.0_191]
	at sun.reflect.DelegatingMethodAccessorImpl.invoke(DelegatingMethodAccessorImpl.java:43) ~[na:1.8.0_191]
	at java.lang.reflect.Method.invoke(Method.java:498) ~[na:1.8.0_191]
	at org.springframework.web.method.support.InvocableHandlerMethod.doInvoke(InvocableHandlerMethod.java:209) [spring-web-5.0.4.RELEASE.jar:5.0.4.RELEASE]
	at org.springframework.web.method.support.InvocableHandlerMethod.invokeForRequest(InvocableHandlerMethod.java:136) [spring-web-5.0.4.RELEASE.jar:5.0.4.RELEASE]
	at org.springframework.web.servlet.mvc.method.annotation.ServletInvocableHandlerMethod.invokeAndHandle(ServletInvocableHandlerMethod.java:102) [spring-webmvc-5.0.4.RELEASE.jar:5.0.4.RELEASE]
	at org.springframework.web.servlet.mvc.method.annotation.RequestMappingHandlerAdapter.invokeHandlerMethod(RequestMappingHandlerAdapter.java:870) [spring-webmvc-5.0.4.RELEASE.jar:5.0.4.RELEASE]
	at org.springframework.web.servlet.mvc.method.annotation.RequestMappingHandlerAdapter.handleInternal(RequestMappingHandlerAdapter.java:776) [spring-webmvc-5.0.4.RELEASE.jar:5.0.4.RELEASE]
	at org.springframework.web.servlet.mvc.method.AbstractHandlerMethodAdapter.handle(AbstractHandlerMethodAdapter.java:87) [spring-webmvc-5.0.4.RELEASE.jar:5.0.4.RELEASE]
	at org.springframework.web.servlet.DispatcherServlet.doDispatch(DispatcherServlet.java:991) [spring-webmvc-5.0.4.RELEASE.jar:5.0.4.RELEASE]
	at org.springframework.web.servlet.DispatcherServlet.doService(DispatcherServlet.java:925) [spring-webmvc-5.0.4.RELEASE.jar:5.0.4.RELEASE]
	at org.springframework.web.servlet.FrameworkServlet.processRequest(FrameworkServlet.java:978) [spring-webmvc-5.0.4.RELEASE.jar:5.0.4.RELEASE]
	at org.springframework.web.servlet.FrameworkServlet.doGet(FrameworkServlet.java:870) [spring-webmvc-5.0.4.RELEASE.jar:5.0.4.RELEASE]
	at javax.servlet.http.HttpServlet.service(HttpServlet.java:635) [tomcat-embed-core-8.5.28.jar:8.5.28]
	at org.springframework.web.servlet.FrameworkServlet.service(FrameworkServlet.java:855) [spring-webmvc-5.0.4.RELEASE.jar:5.0.4.RELEASE]
	at javax.servlet.http.HttpServlet.service(HttpServlet.java:742) [tomcat-embed-core-8.5.28.jar:8.5.28]
	at org.apache.catalina.core.ApplicationFilterChain.internalDoFilter(ApplicationFilterChain.java:231) [tomcat-embed-core-8.5.28.jar:8.5.28]
	at org.apache.catalina.core.ApplicationFilterChain.doFilter(ApplicationFilterChain.java:166) [tomcat-embed-core-8.5.28.jar:8.5.28]
	at org.apache.tomcat.websocket.server.WsFilter.doFilter(WsFilter.java:52) [tomcat-embed-websocket-8.5.28.jar:8.5.28]
	at org.apache.catalina.core.ApplicationFilterChain.internalDoFilter(ApplicationFilterChain.java:193) [tomcat-embed-core-8.5.28.jar:8.5.28]
	at org.apache.catalina.core.ApplicationFilterChain.doFilter(ApplicationFilterChain.java:166) [tomcat-embed-core-8.5.28.jar:8.5.28]
	at org.springframework.web.filter.RequestContextFilter.doFilterInternal(RequestContextFilter.java:99) [spring-web-5.0.4.RELEASE.jar:5.0.4.RELEASE]
	at org.springframework.web.filter.OncePerRequestFilter.doFilter(OncePerRequestFilter.java:107) [spring-web-5.0.4.RELEASE.jar:5.0.4.RELEASE]
	at org.apache.catalina.core.ApplicationFilterChain.internalDoFilter(ApplicationFilterChain.java:193) [tomcat-embed-core-8.5.28.jar:8.5.28]
	at org.apache.catalina.core.ApplicationFilterChain.doFilter(ApplicationFilterChain.java:166) [tomcat-embed-core-8.5.28.jar:8.5.28]
	at org.springframework.web.filter.HttpPutFormContentFilter.doFilterInternal(HttpPutFormContentFilter.java:109) [spring-web-5.0.4.RELEASE.jar:5.0.4.RELEASE]
	at org.springframework.web.filter.OncePerRequestFilter.doFilter(OncePerRequestFilter.java:107) [spring-web-5.0.4.RELEASE.jar:5.0.4.RELEASE]
	at org.apache.catalina.core.ApplicationFilterChain.internalDoFilter(ApplicationFilterChain.java:193) [tomcat-embed-core-8.5.28.jar:8.5.28]
	at org.apache.catalina.core.ApplicationFilterChain.doFilter(ApplicationFilterChain.java:166) [tomcat-embed-core-8.5.28.jar:8.5.28]
	at org.springframework.web.filter.HiddenHttpMethodFilter.doFilterInternal(HiddenHttpMethodFilter.java:81) [spring-web-5.0.4.RELEASE.jar:5.0.4.RELEASE]
	at org.springframework.web.filter.OncePerRequestFilter.doFilter(OncePerRequestFilter.java:107) [spring-web-5.0.4.RELEASE.jar:5.0.4.RELEASE]
	at org.apache.catalina.core.ApplicationFilterChain.internalDoFilter(ApplicationFilterChain.java:193) [tomcat-embed-core-8.5.28.jar:8.5.28]
	at org.apache.catalina.core.ApplicationFilterChain.doFilter(ApplicationFilterChain.java:166) [tomcat-embed-core-8.5.28.jar:8.5.28]
	at org.springframework.web.filter.CharacterEncodingFilter.doFilterInternal(CharacterEncodingFilter.java:200) [spring-web-5.0.4.RELEASE.jar:5.0.4.RELEASE]
	at org.springframework.web.filter.OncePerRequestFilter.doFilter(OncePerRequestFilter.java:107) [spring-web-5.0.4.RELEASE.jar:5.0.4.RELEASE]
	at org.apache.catalina.core.ApplicationFilterChain.internalDoFilter(ApplicationFilterChain.java:193) [tomcat-embed-core-8.5.28.jar:8.5.28]
	at org.apache.catalina.core.ApplicationFilterChain.doFilter(ApplicationFilterChain.java:166) [tomcat-embed-core-8.5.28.jar:8.5.28]
	at org.apache.catalina.core.StandardWrapperValve.invoke(StandardWrapperValve.java:199) [tomcat-embed-core-8.5.28.jar:8.5.28]
	at org.apache.catalina.core.StandardContextValve.invoke(StandardContextValve.java:96) [tomcat-embed-core-8.5.28.jar:8.5.28]
	at org.apache.catalina.authenticator.AuthenticatorBase.invoke(AuthenticatorBase.java:496) [tomcat-embed-core-8.5.28.jar:8.5.28]
	at org.apache.catalina.core.StandardHostValve.invoke(StandardHostValve.java:140) [tomcat-embed-core-8.5.28.jar:8.5.28]
	at org.apache.catalina.valves.ErrorReportValve.invoke(ErrorReportValve.java:81) [tomcat-embed-core-8.5.28.jar:8.5.28]
	at org.apache.catalina.core.StandardEngineValve.invoke(StandardEngineValve.java:87) [tomcat-embed-core-8.5.28.jar:8.5.28]
	at org.apache.catalina.connector.CoyoteAdapter.service(CoyoteAdapter.java:342) [tomcat-embed-core-8.5.28.jar:8.5.28]
	at org.apache.coyote.http11.Http11Processor.service(Http11Processor.java:803) [tomcat-embed-core-8.5.28.jar:8.5.28]
	at org.apache.coyote.AbstractProcessorLight.process(AbstractProcessorLight.java:66) [tomcat-embed-core-8.5.28.jar:8.5.28]
	at org.apache.coyote.AbstractProtocol$ConnectionHandler.process(AbstractProtocol.java:790) [tomcat-embed-core-8.5.28.jar:8.5.28]
	at org.apache.tomcat.util.net.NioEndpoint$SocketProcessor.doRun(NioEndpoint.java:1459) [tomcat-embed-core-8.5.28.jar:8.5.28]
	at org.apache.tomcat.util.net.SocketProcessorBase.run(SocketProcessorBase.java:49) [tomcat-embed-core-8.5.28.jar:8.5.28]
	at java.util.concurrent.ThreadPoolExecutor.runWorker(ThreadPoolExecutor.java:1149) [na:1.8.0_191]
	at java.util.concurrent.ThreadPoolExecutor$Worker.run(ThreadPoolExecutor.java:624) [na:1.8.0_191]
	at org.apache.tomcat.util.threads.TaskThread$WrappingRunnable.run(TaskThread.java:61) [tomcat-embed-core-8.5.28.jar:8.5.28]
	at java.lang.Thread.run(Thread.java:748) [na:1.8.0_191]

2019-02-04 16:36:52.189  INFO 16624 --- [http-nio-8080-exec-4] c.c.s.CurrencyConverterServiceImpl       : getExchangeRate begins for currency: USDTRY
2019-02-04 16:36:52.190  INFO 16624 --- [http-nio-8080-exec-4] c.c.s.CurrencyConverterServiceImpl       : Initiating checkCurrencies for USDTRY
2019-02-04 16:36:52.190  INFO 16624 --- [http-nio-8080-exec-4] c.c.s.CurrencyConverterServiceImpl       : Initiating Get request http://apilayer.net/api/list?access_key=428574f29551fddbae99182595396522
2019-02-04 16:36:52.503  INFO 16624 --- [http-nio-8080-exec-4] c.c.s.CurrencyConverterServiceImpl       : Initiating External service request for USDTRY
2019-02-04 16:36:52.504  INFO 16624 --- [http-nio-8080-exec-4] c.c.s.CurrencyConverterServiceImpl       : Initiating Get request http://apilayer.net/api/live?access_key=428574f29551fddbae99182595396522&currencies=USD,TRY
2019-02-04 16:36:52.746  INFO 16624 --- [http-nio-8080-exec-4] c.c.s.CurrencyConverterServiceImpl       : Received parameters: {success=true, terms=https://currencylayer.com/terms, privacy=https://currencylayer.com/privacy, timestamp=1549286346, source=USD, quotes={USDUSD=1, USDTRY=5.215903}}
2019-02-04 16:36:52.748  INFO 16624 --- [http-nio-8080-exec-4] c.c.s.CurrencyConverterServiceImpl       : checkResponse is successful. Operation is continuing
2019-02-04 16:36:52.749  INFO 16624 --- [http-nio-8080-exec-4] c.c.s.CurrencyConverterServiceImpl       : SourceRate: 1.00000000
2019-02-04 16:36:52.751  INFO 16624 --- [http-nio-8080-exec-4] c.c.s.CurrencyConverterServiceImpl       : TargetRate: 5.21590300
2019-02-04 16:36:52.751  INFO 16624 --- [http-nio-8080-exec-4] c.c.s.CurrencyConverterServiceImpl       : getRateAndCheckService has ended. Rate: 5.21590300
2019-02-04 16:36:52.753  INFO 16624 --- [http-nio-8080-exec-4] c.c.s.CurrencyConverterServiceImpl       : getExchangeRate has ended successfulRy for currency: USDTRY
2019-02-04 16:44:11.181  INFO 16624 --- [http-nio-8080-exec-9] c.c.s.CurrencyConverterServiceImpl       : getExchangeRate begins for currency: 
2019-02-04 16:44:11.183 ERROR 16624 --- [http-nio-8080-exec-9] c.c.s.CurrencyConverterServiceImpl       : Error at the number of chars of currencyPair for currencyPair: 

com.currency.exception.CurrencyException: Error at the number of chars of currencyPair for currencyPair: 
	at com.currency.service.CurrencyConverterServiceImpl.getExchangeRate(CurrencyConverterServiceImpl.java:59) ~[classes/:na]
	at com.currency.controller.CurrencyConverterController.getExchangeRate(CurrencyConverterController.java:32) [classes/:na]
	at sun.reflect.NativeMethodAccessorImpl.invoke0(Native Method) ~[na:1.8.0_191]
	at sun.reflect.NativeMethodAccessorImpl.invoke(NativeMethodAccessorImpl.java:62) ~[na:1.8.0_191]
	at sun.reflect.DelegatingMethodAccessorImpl.invoke(DelegatingMethodAccessorImpl.java:43) ~[na:1.8.0_191]
	at java.lang.reflect.Method.invoke(Method.java:498) ~[na:1.8.0_191]
	at org.springframework.web.method.support.InvocableHandlerMethod.doInvoke(InvocableHandlerMethod.java:209) [spring-web-5.0.4.RELEASE.jar:5.0.4.RELEASE]
	at org.springframework.web.method.support.InvocableHandlerMethod.invokeForRequest(InvocableHandlerMethod.java:136) [spring-web-5.0.4.RELEASE.jar:5.0.4.RELEASE]
	at org.springframework.web.servlet.mvc.method.annotation.ServletInvocableHandlerMethod.invokeAndHandle(ServletInvocableHandlerMethod.java:102) [spring-webmvc-5.0.4.RELEASE.jar:5.0.4.RELEASE]
	at org.springframework.web.servlet.mvc.method.annotation.RequestMappingHandlerAdapter.invokeHandlerMethod(RequestMappingHandlerAdapter.java:870) [spring-webmvc-5.0.4.RELEASE.jar:5.0.4.RELEASE]
	at org.springframework.web.servlet.mvc.method.annotation.RequestMappingHandlerAdapter.handleInternal(RequestMappingHandlerAdapter.java:776) [spring-webmvc-5.0.4.RELEASE.jar:5.0.4.RELEASE]
	at org.springframework.web.servlet.mvc.method.AbstractHandlerMethodAdapter.handle(AbstractHandlerMethodAdapter.java:87) [spring-webmvc-5.0.4.RELEASE.jar:5.0.4.RELEASE]
	at org.springframework.web.servlet.DispatcherServlet.doDispatch(DispatcherServlet.java:991) [spring-webmvc-5.0.4.RELEASE.jar:5.0.4.RELEASE]
	at org.springframework.web.servlet.DispatcherServlet.doService(DispatcherServlet.java:925) [spring-webmvc-5.0.4.RELEASE.jar:5.0.4.RELEASE]
	at org.springframework.web.servlet.FrameworkServlet.processRequest(FrameworkServlet.java:978) [spring-webmvc-5.0.4.RELEASE.jar:5.0.4.RELEASE]
	at org.springframework.web.servlet.FrameworkServlet.doGet(FrameworkServlet.java:870) [spring-webmvc-5.0.4.RELEASE.jar:5.0.4.RELEASE]
	at javax.servlet.http.HttpServlet.service(HttpServlet.java:635) [tomcat-embed-core-8.5.28.jar:8.5.28]
	at org.springframework.web.servlet.FrameworkServlet.service(FrameworkServlet.java:855) [spring-webmvc-5.0.4.RELEASE.jar:5.0.4.RELEASE]
	at javax.servlet.http.HttpServlet.service(HttpServlet.java:742) [tomcat-embed-core-8.5.28.jar:8.5.28]
	at org.apache.catalina.core.ApplicationFilterChain.internalDoFilter(ApplicationFilterChain.java:231) [tomcat-embed-core-8.5.28.jar:8.5.28]
	at org.apache.catalina.core.ApplicationFilterChain.doFilter(ApplicationFilterChain.java:166) [tomcat-embed-core-8.5.28.jar:8.5.28]
	at org.apache.tomcat.websocket.server.WsFilter.doFilter(WsFilter.java:52) [tomcat-embed-websocket-8.5.28.jar:8.5.28]
	at org.apache.catalina.core.ApplicationFilterChain.internalDoFilter(ApplicationFilterChain.java:193) [tomcat-embed-core-8.5.28.jar:8.5.28]
	at org.apache.catalina.core.ApplicationFilterChain.doFilter(ApplicationFilterChain.java:166) [tomcat-embed-core-8.5.28.jar:8.5.28]
	at org.springframework.web.filter.RequestContextFilter.doFilterInternal(RequestContextFilter.java:99) [spring-web-5.0.4.RELEASE.jar:5.0.4.RELEASE]
	at org.springframework.web.filter.OncePerRequestFilter.doFilter(OncePerRequestFilter.java:107) [spring-web-5.0.4.RELEASE.jar:5.0.4.RELEASE]
	at org.apache.catalina.core.ApplicationFilterChain.internalDoFilter(ApplicationFilterChain.java:193) [tomcat-embed-core-8.5.28.jar:8.5.28]
	at org.apache.catalina.core.ApplicationFilterChain.doFilter(ApplicationFilterChain.java:166) [tomcat-embed-core-8.5.28.jar:8.5.28]
	at org.springframework.web.filter.HttpPutFormContentFilter.doFilterInternal(HttpPutFormContentFilter.java:109) [spring-web-5.0.4.RELEASE.jar:5.0.4.RELEASE]
	at org.springframework.web.filter.OncePerRequestFilter.doFilter(OncePerRequestFilter.java:107) [spring-web-5.0.4.RELEASE.jar:5.0.4.RELEASE]
	at org.apache.catalina.core.ApplicationFilterChain.internalDoFilter(ApplicationFilterChain.java:193) [tomcat-embed-core-8.5.28.jar:8.5.28]
	at org.apache.catalina.core.ApplicationFilterChain.doFilter(ApplicationFilterChain.java:166) [tomcat-embed-core-8.5.28.jar:8.5.28]
	at org.springframework.web.filter.HiddenHttpMethodFilter.doFilterInternal(HiddenHttpMethodFilter.java:81) [spring-web-5.0.4.RELEASE.jar:5.0.4.RELEASE]
	at org.springframework.web.filter.OncePerRequestFilter.doFilter(OncePerRequestFilter.java:107) [spring-web-5.0.4.RELEASE.jar:5.0.4.RELEASE]
	at org.apache.catalina.core.ApplicationFilterChain.internalDoFilter(ApplicationFilterChain.java:193) [tomcat-embed-core-8.5.28.jar:8.5.28]
	at org.apache.catalina.core.ApplicationFilterChain.doFilter(ApplicationFilterChain.java:166) [tomcat-embed-core-8.5.28.jar:8.5.28]
	at org.springframework.web.filter.CharacterEncodingFilter.doFilterInternal(CharacterEncodingFilter.java:200) [spring-web-5.0.4.RELEASE.jar:5.0.4.RELEASE]
	at org.springframework.web.filter.OncePerRequestFilter.doFilter(OncePerRequestFilter.java:107) [spring-web-5.0.4.RELEASE.jar:5.0.4.RELEASE]
	at org.apache.catalina.core.ApplicationFilterChain.internalDoFilter(ApplicationFilterChain.java:193) [tomcat-embed-core-8.5.28.jar:8.5.28]
	at org.apache.catalina.core.ApplicationFilterChain.doFilter(ApplicationFilterChain.java:166) [tomcat-embed-core-8.5.28.jar:8.5.28]
	at org.apache.catalina.core.StandardWrapperValve.invoke(StandardWrapperValve.java:199) [tomcat-embed-core-8.5.28.jar:8.5.28]
	at org.apache.catalina.core.StandardContextValve.invoke(StandardContextValve.java:96) [tomcat-embed-core-8.5.28.jar:8.5.28]
	at org.apache.catalina.authenticator.AuthenticatorBase.invoke(AuthenticatorBase.java:496) [tomcat-embed-core-8.5.28.jar:8.5.28]
	at org.apache.catalina.core.StandardHostValve.invoke(StandardHostValve.java:140) [tomcat-embed-core-8.5.28.jar:8.5.28]
	at org.apache.catalina.valves.ErrorReportValve.invoke(ErrorReportValve.java:81) [tomcat-embed-core-8.5.28.jar:8.5.28]
	at org.apache.catalina.core.StandardEngineValve.invoke(StandardEngineValve.java:87) [tomcat-embed-core-8.5.28.jar:8.5.28]
	at org.apache.catalina.connector.CoyoteAdapter.service(CoyoteAdapter.java:342) [tomcat-embed-core-8.5.28.jar:8.5.28]
	at org.apache.coyote.http11.Http11Processor.service(Http11Processor.java:803) [tomcat-embed-core-8.5.28.jar:8.5.28]
	at org.apache.coyote.AbstractProcessorLight.process(AbstractProcessorLight.java:66) [tomcat-embed-core-8.5.28.jar:8.5.28]
	at org.apache.coyote.AbstractProtocol$ConnectionHandler.process(AbstractProtocol.java:790) [tomcat-embed-core-8.5.28.jar:8.5.28]
	at org.apache.tomcat.util.net.NioEndpoint$SocketProcessor.doRun(NioEndpoint.java:1459) [tomcat-embed-core-8.5.28.jar:8.5.28]
	at org.apache.tomcat.util.net.SocketProcessorBase.run(SocketProcessorBase.java:49) [tomcat-embed-core-8.5.28.jar:8.5.28]
	at java.util.concurrent.ThreadPoolExecutor.runWorker(ThreadPoolExecutor.java:1149) [na:1.8.0_191]
	at java.util.concurrent.ThreadPoolExecutor$Worker.run(ThreadPoolExecutor.java:624) [na:1.8.0_191]
	at org.apache.tomcat.util.threads.TaskThread$WrappingRunnable.run(TaskThread.java:61) [tomcat-embed-core-8.5.28.jar:8.5.28]
	at java.lang.Thread.run(Thread.java:748) [na:1.8.0_191]

2019-02-04 16:44:50.437  INFO 16624 --- [http-nio-8080-exec-2] c.c.s.CurrencyConverterServiceImpl       : getExchangeRate begins for currency: GBRUSD
2019-02-04 16:44:50.437  INFO 16624 --- [http-nio-8080-exec-2] c.c.s.CurrencyConverterServiceImpl       : Initiating checkCurrencies for GBRUSD
2019-02-04 16:44:50.438  INFO 16624 --- [http-nio-8080-exec-2] c.c.s.CurrencyConverterServiceImpl       : Initiating Get request http://apilayer.net/api/list?access_key=428574f29551fddbae99182595396522
2019-02-04 16:44:50.990  INFO 16624 --- [http-nio-8080-exec-2] c.c.s.CurrencyConverterServiceImpl       : getRateAndCheckService has ended. Rate: null
2019-02-04 16:44:50.993 ERROR 16624 --- [http-nio-8080-exec-2] c.c.s.CurrencyConverterServiceImpl       : There is no currency for: GBRUSD

com.currency.exception.CurrencyException: There is no currency for: GBRUSD
	at com.currency.service.CurrencyConverterServiceImpl.checkCurrencies(CurrencyConverterServiceImpl.java:152) ~[classes/:na]
	at com.currency.service.CurrencyConverterServiceImpl.getRateAndCheckService(CurrencyConverterServiceImpl.java:113) ~[classes/:na]
	at com.currency.service.CurrencyConverterServiceImpl.getExchangeRate(CurrencyConverterServiceImpl.java:52) ~[classes/:na]
	at com.currency.controller.CurrencyConverterController.getExchangeRate(CurrencyConverterController.java:32) [classes/:na]
	at sun.reflect.NativeMethodAccessorImpl.invoke0(Native Method) ~[na:1.8.0_191]
	at sun.reflect.NativeMethodAccessorImpl.invoke(NativeMethodAccessorImpl.java:62) ~[na:1.8.0_191]
	at sun.reflect.DelegatingMethodAccessorImpl.invoke(DelegatingMethodAccessorImpl.java:43) ~[na:1.8.0_191]
	at java.lang.reflect.Method.invoke(Method.java:498) ~[na:1.8.0_191]
	at org.springframework.web.method.support.InvocableHandlerMethod.doInvoke(InvocableHandlerMethod.java:209) [spring-web-5.0.4.RELEASE.jar:5.0.4.RELEASE]
	at org.springframework.web.method.support.InvocableHandlerMethod.invokeForRequest(InvocableHandlerMethod.java:136) [spring-web-5.0.4.RELEASE.jar:5.0.4.RELEASE]
	at org.springframework.web.servlet.mvc.method.annotation.ServletInvocableHandlerMethod.invokeAndHandle(ServletInvocableHandlerMethod.java:102) [spring-webmvc-5.0.4.RELEASE.jar:5.0.4.RELEASE]
	at org.springframework.web.servlet.mvc.method.annotation.RequestMappingHandlerAdapter.invokeHandlerMethod(RequestMappingHandlerAdapter.java:870) [spring-webmvc-5.0.4.RELEASE.jar:5.0.4.RELEASE]
	at org.springframework.web.servlet.mvc.method.annotation.RequestMappingHandlerAdapter.handleInternal(RequestMappingHandlerAdapter.java:776) [spring-webmvc-5.0.4.RELEASE.jar:5.0.4.RELEASE]
	at org.springframework.web.servlet.mvc.method.AbstractHandlerMethodAdapter.handle(AbstractHandlerMethodAdapter.java:87) [spring-webmvc-5.0.4.RELEASE.jar:5.0.4.RELEASE]
	at org.springframework.web.servlet.DispatcherServlet.doDispatch(DispatcherServlet.java:991) [spring-webmvc-5.0.4.RELEASE.jar:5.0.4.RELEASE]
	at org.springframework.web.servlet.DispatcherServlet.doService(DispatcherServlet.java:925) [spring-webmvc-5.0.4.RELEASE.jar:5.0.4.RELEASE]
	at org.springframework.web.servlet.FrameworkServlet.processRequest(FrameworkServlet.java:978) [spring-webmvc-5.0.4.RELEASE.jar:5.0.4.RELEASE]
	at org.springframework.web.servlet.FrameworkServlet.doGet(FrameworkServlet.java:870) [spring-webmvc-5.0.4.RELEASE.jar:5.0.4.RELEASE]
	at javax.servlet.http.HttpServlet.service(HttpServlet.java:635) [tomcat-embed-core-8.5.28.jar:8.5.28]
	at org.springframework.web.servlet.FrameworkServlet.service(FrameworkServlet.java:855) [spring-webmvc-5.0.4.RELEASE.jar:5.0.4.RELEASE]
	at javax.servlet.http.HttpServlet.service(HttpServlet.java:742) [tomcat-embed-core-8.5.28.jar:8.5.28]
	at org.apache.catalina.core.ApplicationFilterChain.internalDoFilter(ApplicationFilterChain.java:231) [tomcat-embed-core-8.5.28.jar:8.5.28]
	at org.apache.catalina.core.ApplicationFilterChain.doFilter(ApplicationFilterChain.java:166) [tomcat-embed-core-8.5.28.jar:8.5.28]
	at org.apache.tomcat.websocket.server.WsFilter.doFilter(WsFilter.java:52) [tomcat-embed-websocket-8.5.28.jar:8.5.28]
	at org.apache.catalina.core.ApplicationFilterChain.internalDoFilter(ApplicationFilterChain.java:193) [tomcat-embed-core-8.5.28.jar:8.5.28]
	at org.apache.catalina.core.ApplicationFilterChain.doFilter(ApplicationFilterChain.java:166) [tomcat-embed-core-8.5.28.jar:8.5.28]
	at org.springframework.web.filter.RequestContextFilter.doFilterInternal(RequestContextFilter.java:99) [spring-web-5.0.4.RELEASE.jar:5.0.4.RELEASE]
	at org.springframework.web.filter.OncePerRequestFilter.doFilter(OncePerRequestFilter.java:107) [spring-web-5.0.4.RELEASE.jar:5.0.4.RELEASE]
	at org.apache.catalina.core.ApplicationFilterChain.internalDoFilter(ApplicationFilterChain.java:193) [tomcat-embed-core-8.5.28.jar:8.5.28]
	at org.apache.catalina.core.ApplicationFilterChain.doFilter(ApplicationFilterChain.java:166) [tomcat-embed-core-8.5.28.jar:8.5.28]
	at org.springframework.web.filter.HttpPutFormContentFilter.doFilterInternal(HttpPutFormContentFilter.java:109) [spring-web-5.0.4.RELEASE.jar:5.0.4.RELEASE]
	at org.springframework.web.filter.OncePerRequestFilter.doFilter(OncePerRequestFilter.java:107) [spring-web-5.0.4.RELEASE.jar:5.0.4.RELEASE]
	at org.apache.catalina.core.ApplicationFilterChain.internalDoFilter(ApplicationFilterChain.java:193) [tomcat-embed-core-8.5.28.jar:8.5.28]
	at org.apache.catalina.core.ApplicationFilterChain.doFilter(ApplicationFilterChain.java:166) [tomcat-embed-core-8.5.28.jar:8.5.28]
	at org.springframework.web.filter.HiddenHttpMethodFilter.doFilterInternal(HiddenHttpMethodFilter.java:81) [spring-web-5.0.4.RELEASE.jar:5.0.4.RELEASE]
	at org.springframework.web.filter.OncePerRequestFilter.doFilter(OncePerRequestFilter.java:107) [spring-web-5.0.4.RELEASE.jar:5.0.4.RELEASE]
	at org.apache.catalina.core.ApplicationFilterChain.internalDoFilter(ApplicationFilterChain.java:193) [tomcat-embed-core-8.5.28.jar:8.5.28]
	at org.apache.catalina.core.ApplicationFilterChain.doFilter(ApplicationFilterChain.java:166) [tomcat-embed-core-8.5.28.jar:8.5.28]
	at org.springframework.web.filter.CharacterEncodingFilter.doFilterInternal(CharacterEncodingFilter.java:200) [spring-web-5.0.4.RELEASE.jar:5.0.4.RELEASE]
	at org.springframework.web.filter.OncePerRequestFilter.doFilter(OncePerRequestFilter.java:107) [spring-web-5.0.4.RELEASE.jar:5.0.4.RELEASE]
	at org.apache.catalina.core.ApplicationFilterChain.internalDoFilter(ApplicationFilterChain.java:193) [tomcat-embed-core-8.5.28.jar:8.5.28]
	at org.apache.catalina.core.ApplicationFilterChain.doFilter(ApplicationFilterChain.java:166) [tomcat-embed-core-8.5.28.jar:8.5.28]
	at org.apache.catalina.core.StandardWrapperValve.invoke(StandardWrapperValve.java:199) [tomcat-embed-core-8.5.28.jar:8.5.28]
	at org.apache.catalina.core.StandardContextValve.invoke(StandardContextValve.java:96) [tomcat-embed-core-8.5.28.jar:8.5.28]
	at org.apache.catalina.authenticator.AuthenticatorBase.invoke(AuthenticatorBase.java:496) [tomcat-embed-core-8.5.28.jar:8.5.28]
	at org.apache.catalina.core.StandardHostValve.invoke(StandardHostValve.java:140) [tomcat-embed-core-8.5.28.jar:8.5.28]
	at org.apache.catalina.valves.ErrorReportValve.invoke(ErrorReportValve.java:81) [tomcat-embed-core-8.5.28.jar:8.5.28]
	at org.apache.catalina.core.StandardEngineValve.invoke(StandardEngineValve.java:87) [tomcat-embed-core-8.5.28.jar:8.5.28]
	at org.apache.catalina.connector.CoyoteAdapter.service(CoyoteAdapter.java:342) [tomcat-embed-core-8.5.28.jar:8.5.28]
	at org.apache.coyote.http11.Http11Processor.service(Http11Processor.java:803) [tomcat-embed-core-8.5.28.jar:8.5.28]
	at org.apache.coyote.AbstractProcessorLight.process(AbstractProcessorLight.java:66) [tomcat-embed-core-8.5.28.jar:8.5.28]
	at org.apache.coyote.AbstractProtocol$ConnectionHandler.process(AbstractProtocol.java:790) [tomcat-embed-core-8.5.28.jar:8.5.28]
	at org.apache.tomcat.util.net.NioEndpoint$SocketProcessor.doRun(NioEndpoint.java:1459) [tomcat-embed-core-8.5.28.jar:8.5.28]
	at org.apache.tomcat.util.net.SocketProcessorBase.run(SocketProcessorBase.java:49) [tomcat-embed-core-8.5.28.jar:8.5.28]
	at java.util.concurrent.ThreadPoolExecutor.runWorker(ThreadPoolExecutor.java:1149) [na:1.8.0_191]
	at java.util.concurrent.ThreadPoolExecutor$Worker.run(ThreadPoolExecutor.java:624) [na:1.8.0_191]
	at org.apache.tomcat.util.threads.TaskThread$WrappingRunnable.run(TaskThread.java:61) [tomcat-embed-core-8.5.28.jar:8.5.28]
	at java.lang.Thread.run(Thread.java:748) [na:1.8.0_191]

2019-02-04 16:45:04.243  INFO 16624 --- [http-nio-8080-exec-3] c.c.s.CurrencyConverterServiceImpl       : getExchangeRate begins for currency: TRYUSD
2019-02-04 16:45:04.244  INFO 16624 --- [http-nio-8080-exec-3] c.c.s.CurrencyConverterServiceImpl       : Initiating checkCurrencies for TRYUSD
2019-02-04 16:45:04.245  INFO 16624 --- [http-nio-8080-exec-3] c.c.s.CurrencyConverterServiceImpl       : Initiating Get request http://apilayer.net/api/list?access_key=428574f29551fddbae99182595396522
2019-02-04 16:45:04.509  INFO 16624 --- [http-nio-8080-exec-3] c.c.s.CurrencyConverterServiceImpl       : Initiating External service request for TRYUSD
2019-02-04 16:45:04.512  INFO 16624 --- [http-nio-8080-exec-3] c.c.s.CurrencyConverterServiceImpl       : Initiating Get request http://apilayer.net/api/live?access_key=428574f29551fddbae99182595396522&currencies=TRY,USD
2019-02-04 16:45:04.798  INFO 16624 --- [http-nio-8080-exec-3] c.c.s.CurrencyConverterServiceImpl       : Received parameters: {success=true, terms=https://currencylayer.com/terms, privacy=https://currencylayer.com/privacy, timestamp=1549286346, source=USD, quotes={USDTRY=5.215903, USDUSD=1}}
2019-02-04 16:45:04.800  INFO 16624 --- [http-nio-8080-exec-3] c.c.s.CurrencyConverterServiceImpl       : checkResponse is successful. Operation is continuing
2019-02-04 16:45:04.801  INFO 16624 --- [http-nio-8080-exec-3] c.c.s.CurrencyConverterServiceImpl       : SourceRate: 5.21590300
2019-02-04 16:45:04.802  INFO 16624 --- [http-nio-8080-exec-3] c.c.s.CurrencyConverterServiceImpl       : TargetRate: 1.00000000
2019-02-04 16:45:04.803  INFO 16624 --- [http-nio-8080-exec-3] c.c.s.CurrencyConverterServiceImpl       : getRateAndCheckService has ended. Rate: 0.19172136
2019-02-04 16:45:04.803  INFO 16624 --- [http-nio-8080-exec-3] c.c.s.CurrencyConverterServiceImpl       : getExchangeRate has ended successfulRy for currency: TRYUSD
2019-02-04 16:46:56.967  INFO 16624 --- [http-nio-8080-exec-8] c.c.s.CurrencyConverterServiceImpl       : findConversion begins for currency: USD
2019-02-04 16:46:56.968  INFO 16624 --- [http-nio-8080-exec-8] c.c.s.CurrencyConverterServiceImpl       : Initiating checkCurrencies for GBPUSD
2019-02-04 16:46:56.968  INFO 16624 --- [http-nio-8080-exec-8] c.c.s.CurrencyConverterServiceImpl       : Initiating Get request http://apilayer.net/api/list?access_key=428574f29551fddbae99182595396522
2019-02-04 16:46:57.219  INFO 16624 --- [http-nio-8080-exec-8] c.c.s.CurrencyConverterServiceImpl       : Initiating External service request for GBPUSD
2019-02-04 16:46:57.220  INFO 16624 --- [http-nio-8080-exec-8] c.c.s.CurrencyConverterServiceImpl       : Initiating Get request http://apilayer.net/api/live?access_key=428574f29551fddbae99182595396522&currencies=GBP,USD
2019-02-04 16:46:57.518  INFO 16624 --- [http-nio-8080-exec-8] c.c.s.CurrencyConverterServiceImpl       : Received parameters: {success=true, terms=https://currencylayer.com/terms, privacy=https://currencylayer.com/privacy, timestamp=1549286346, source=USD, quotes={USDGBP=0.766265, USDUSD=1}}
2019-02-04 16:46:57.519  INFO 16624 --- [http-nio-8080-exec-8] c.c.s.CurrencyConverterServiceImpl       : checkResponse is successful. Operation is continuing
2019-02-04 16:46:57.520  INFO 16624 --- [http-nio-8080-exec-8] c.c.s.CurrencyConverterServiceImpl       : SourceRate: 0.76626500
2019-02-04 16:46:57.520  INFO 16624 --- [http-nio-8080-exec-8] c.c.s.CurrencyConverterServiceImpl       : TargetRate: 1.00000000
2019-02-04 16:46:57.522  INFO 16624 --- [http-nio-8080-exec-8] c.c.s.CurrencyConverterServiceImpl       : getRateAndCheckService has ended. Rate: 1.30503155
2019-02-04 16:46:57.522  INFO 16624 --- [http-nio-8080-exec-8] c.c.s.CurrencyConverterServiceImpl       : findConversion has ended successfully for currency: USD
2019-02-04 16:48:36.688  INFO 16624 --- [http-nio-8080-exec-3] c.c.s.CurrencyConverterServiceImpl       : findConversion begins for currency: 
2019-02-04 16:48:36.688  INFO 16624 --- [http-nio-8080-exec-3] c.c.s.CurrencyConverterServiceImpl       : Initiating checkCurrencies for GBP
2019-02-04 16:48:36.689  INFO 16624 --- [http-nio-8080-exec-3] c.c.s.CurrencyConverterServiceImpl       : Initiating Get request http://apilayer.net/api/list?access_key=428574f29551fddbae99182595396522
2019-02-04 16:48:36.950  INFO 16624 --- [http-nio-8080-exec-3] c.c.s.CurrencyConverterServiceImpl       : getRateAndCheckService has ended. Rate: null
2019-02-04 16:48:36.953 ERROR 16624 --- [http-nio-8080-exec-3] c.c.s.CurrencyConverterServiceImpl       : There is no currency for: GBP

com.currency.exception.CurrencyException: There is no currency for: GBP
	at com.currency.service.CurrencyConverterServiceImpl.checkCurrencies(CurrencyConverterServiceImpl.java:152) ~[classes/:na]
	at com.currency.service.CurrencyConverterServiceImpl.getRateAndCheckService(CurrencyConverterServiceImpl.java:113) ~[classes/:na]
	at com.currency.service.CurrencyConverterServiceImpl.findConversion(CurrencyConverterServiceImpl.java:85) ~[classes/:na]
	at com.currency.controller.CurrencyConverterController.findConversion(CurrencyConverterController.java:47) [classes/:na]
	at sun.reflect.NativeMethodAccessorImpl.invoke0(Native Method) ~[na:1.8.0_191]
	at sun.reflect.NativeMethodAccessorImpl.invoke(NativeMethodAccessorImpl.java:62) ~[na:1.8.0_191]
	at sun.reflect.DelegatingMethodAccessorImpl.invoke(DelegatingMethodAccessorImpl.java:43) ~[na:1.8.0_191]
	at java.lang.reflect.Method.invoke(Method.java:498) ~[na:1.8.0_191]
	at org.springframework.web.method.support.InvocableHandlerMethod.doInvoke(InvocableHandlerMethod.java:209) [spring-web-5.0.4.RELEASE.jar:5.0.4.RELEASE]
	at org.springframework.web.method.support.InvocableHandlerMethod.invokeForRequest(InvocableHandlerMethod.java:136) [spring-web-5.0.4.RELEASE.jar:5.0.4.RELEASE]
	at org.springframework.web.servlet.mvc.method.annotation.ServletInvocableHandlerMethod.invokeAndHandle(ServletInvocableHandlerMethod.java:102) [spring-webmvc-5.0.4.RELEASE.jar:5.0.4.RELEASE]
	at org.springframework.web.servlet.mvc.method.annotation.RequestMappingHandlerAdapter.invokeHandlerMethod(RequestMappingHandlerAdapter.java:870) [spring-webmvc-5.0.4.RELEASE.jar:5.0.4.RELEASE]
	at org.springframework.web.servlet.mvc.method.annotation.RequestMappingHandlerAdapter.handleInternal(RequestMappingHandlerAdapter.java:776) [spring-webmvc-5.0.4.RELEASE.jar:5.0.4.RELEASE]
	at org.springframework.web.servlet.mvc.method.AbstractHandlerMethodAdapter.handle(AbstractHandlerMethodAdapter.java:87) [spring-webmvc-5.0.4.RELEASE.jar:5.0.4.RELEASE]
	at org.springframework.web.servlet.DispatcherServlet.doDispatch(DispatcherServlet.java:991) [spring-webmvc-5.0.4.RELEASE.jar:5.0.4.RELEASE]
	at org.springframework.web.servlet.DispatcherServlet.doService(DispatcherServlet.java:925) [spring-webmvc-5.0.4.RELEASE.jar:5.0.4.RELEASE]
	at org.springframework.web.servlet.FrameworkServlet.processRequest(FrameworkServlet.java:978) [spring-webmvc-5.0.4.RELEASE.jar:5.0.4.RELEASE]
	at org.springframework.web.servlet.FrameworkServlet.doGet(FrameworkServlet.java:870) [spring-webmvc-5.0.4.RELEASE.jar:5.0.4.RELEASE]
	at javax.servlet.http.HttpServlet.service(HttpServlet.java:635) [tomcat-embed-core-8.5.28.jar:8.5.28]
	at org.springframework.web.servlet.FrameworkServlet.service(FrameworkServlet.java:855) [spring-webmvc-5.0.4.RELEASE.jar:5.0.4.RELEASE]
	at javax.servlet.http.HttpServlet.service(HttpServlet.java:742) [tomcat-embed-core-8.5.28.jar:8.5.28]
	at org.apache.catalina.core.ApplicationFilterChain.internalDoFilter(ApplicationFilterChain.java:231) [tomcat-embed-core-8.5.28.jar:8.5.28]
	at org.apache.catalina.core.ApplicationFilterChain.doFilter(ApplicationFilterChain.java:166) [tomcat-embed-core-8.5.28.jar:8.5.28]
	at org.apache.tomcat.websocket.server.WsFilter.doFilter(WsFilter.java:52) [tomcat-embed-websocket-8.5.28.jar:8.5.28]
	at org.apache.catalina.core.ApplicationFilterChain.internalDoFilter(ApplicationFilterChain.java:193) [tomcat-embed-core-8.5.28.jar:8.5.28]
	at org.apache.catalina.core.ApplicationFilterChain.doFilter(ApplicationFilterChain.java:166) [tomcat-embed-core-8.5.28.jar:8.5.28]
	at org.springframework.web.filter.RequestContextFilter.doFilterInternal(RequestContextFilter.java:99) [spring-web-5.0.4.RELEASE.jar:5.0.4.RELEASE]
	at org.springframework.web.filter.OncePerRequestFilter.doFilter(OncePerRequestFilter.java:107) [spring-web-5.0.4.RELEASE.jar:5.0.4.RELEASE]
	at org.apache.catalina.core.ApplicationFilterChain.internalDoFilter(ApplicationFilterChain.java:193) [tomcat-embed-core-8.5.28.jar:8.5.28]
	at org.apache.catalina.core.ApplicationFilterChain.doFilter(ApplicationFilterChain.java:166) [tomcat-embed-core-8.5.28.jar:8.5.28]
	at org.springframework.web.filter.HttpPutFormContentFilter.doFilterInternal(HttpPutFormContentFilter.java:109) [spring-web-5.0.4.RELEASE.jar:5.0.4.RELEASE]
	at org.springframework.web.filter.OncePerRequestFilter.doFilter(OncePerRequestFilter.java:107) [spring-web-5.0.4.RELEASE.jar:5.0.4.RELEASE]
	at org.apache.catalina.core.ApplicationFilterChain.internalDoFilter(ApplicationFilterChain.java:193) [tomcat-embed-core-8.5.28.jar:8.5.28]
	at org.apache.catalina.core.ApplicationFilterChain.doFilter(ApplicationFilterChain.java:166) [tomcat-embed-core-8.5.28.jar:8.5.28]
	at org.springframework.web.filter.HiddenHttpMethodFilter.doFilterInternal(HiddenHttpMethodFilter.java:81) [spring-web-5.0.4.RELEASE.jar:5.0.4.RELEASE]
	at org.springframework.web.filter.OncePerRequestFilter.doFilter(OncePerRequestFilter.java:107) [spring-web-5.0.4.RELEASE.jar:5.0.4.RELEASE]
	at org.apache.catalina.core.ApplicationFilterChain.internalDoFilter(ApplicationFilterChain.java:193) [tomcat-embed-core-8.5.28.jar:8.5.28]
	at org.apache.catalina.core.ApplicationFilterChain.doFilter(ApplicationFilterChain.java:166) [tomcat-embed-core-8.5.28.jar:8.5.28]
	at org.springframework.web.filter.CharacterEncodingFilter.doFilterInternal(CharacterEncodingFilter.java:200) [spring-web-5.0.4.RELEASE.jar:5.0.4.RELEASE]
	at org.springframework.web.filter.OncePerRequestFilter.doFilter(OncePerRequestFilter.java:107) [spring-web-5.0.4.RELEASE.jar:5.0.4.RELEASE]
	at org.apache.catalina.core.ApplicationFilterChain.internalDoFilter(ApplicationFilterChain.java:193) [tomcat-embed-core-8.5.28.jar:8.5.28]
	at org.apache.catalina.core.ApplicationFilterChain.doFilter(ApplicationFilterChain.java:166) [tomcat-embed-core-8.5.28.jar:8.5.28]
	at org.apache.catalina.core.StandardWrapperValve.invoke(StandardWrapperValve.java:199) [tomcat-embed-core-8.5.28.jar:8.5.28]
	at org.apache.catalina.core.StandardContextValve.invoke(StandardContextValve.java:96) [tomcat-embed-core-8.5.28.jar:8.5.28]
	at org.apache.catalina.authenticator.AuthenticatorBase.invoke(AuthenticatorBase.java:496) [tomcat-embed-core-8.5.28.jar:8.5.28]
	at org.apache.catalina.core.StandardHostValve.invoke(StandardHostValve.java:140) [tomcat-embed-core-8.5.28.jar:8.5.28]
	at org.apache.catalina.valves.ErrorReportValve.invoke(ErrorReportValve.java:81) [tomcat-embed-core-8.5.28.jar:8.5.28]
	at org.apache.catalina.core.StandardEngineValve.invoke(StandardEngineValve.java:87) [tomcat-embed-core-8.5.28.jar:8.5.28]
	at org.apache.catalina.connector.CoyoteAdapter.service(CoyoteAdapter.java:342) [tomcat-embed-core-8.5.28.jar:8.5.28]
	at org.apache.coyote.http11.Http11Processor.service(Http11Processor.java:803) [tomcat-embed-core-8.5.28.jar:8.5.28]
	at org.apache.coyote.AbstractProcessorLight.process(AbstractProcessorLight.java:66) [tomcat-embed-core-8.5.28.jar:8.5.28]
	at org.apache.coyote.AbstractProtocol$ConnectionHandler.process(AbstractProtocol.java:790) [tomcat-embed-core-8.5.28.jar:8.5.28]
	at org.apache.tomcat.util.net.NioEndpoint$SocketProcessor.doRun(NioEndpoint.java:1459) [tomcat-embed-core-8.5.28.jar:8.5.28]
	at org.apache.tomcat.util.net.SocketProcessorBase.run(SocketProcessorBase.java:49) [tomcat-embed-core-8.5.28.jar:8.5.28]
	at java.util.concurrent.ThreadPoolExecutor.runWorker(ThreadPoolExecutor.java:1149) [na:1.8.0_191]
	at java.util.concurrent.ThreadPoolExecutor$Worker.run(ThreadPoolExecutor.java:624) [na:1.8.0_191]
	at org.apache.tomcat.util.threads.TaskThread$WrappingRunnable.run(TaskThread.java:61) [tomcat-embed-core-8.5.28.jar:8.5.28]
	at java.lang.Thread.run(Thread.java:748) [na:1.8.0_191]

2019-02-04 16:49:06.901  INFO 16624 --- [http-nio-8080-exec-5] c.c.s.CurrencyConverterServiceImpl       : findConversion begins for currency: TRY
2019-02-04 16:49:06.902  INFO 16624 --- [http-nio-8080-exec-5] c.c.s.CurrencyConverterServiceImpl       : Initiating checkCurrencies for GBPTRY
2019-02-04 16:49:06.902  INFO 16624 --- [http-nio-8080-exec-5] c.c.s.CurrencyConverterServiceImpl       : Initiating Get request http://apilayer.net/api/list?access_key=428574f29551fddbae99182595396522
2019-02-04 16:49:07.154  INFO 16624 --- [http-nio-8080-exec-5] c.c.s.CurrencyConverterServiceImpl       : Initiating External service request for GBPTRY
2019-02-04 16:49:07.155  INFO 16624 --- [http-nio-8080-exec-5] c.c.s.CurrencyConverterServiceImpl       : Initiating Get request http://apilayer.net/api/live?access_key=428574f29551fddbae99182595396522&currencies=GBP,TRY
2019-02-04 16:49:07.400  INFO 16624 --- [http-nio-8080-exec-5] c.c.s.CurrencyConverterServiceImpl       : Received parameters: {success=true, terms=https://currencylayer.com/terms, privacy=https://currencylayer.com/privacy, timestamp=1549286346, source=USD, quotes={USDGBP=0.766265, USDTRY=5.215903}}
2019-02-04 16:49:07.401  INFO 16624 --- [http-nio-8080-exec-5] c.c.s.CurrencyConverterServiceImpl       : checkResponse is successful. Operation is continuing
2019-02-04 16:49:07.401  INFO 16624 --- [http-nio-8080-exec-5] c.c.s.CurrencyConverterServiceImpl       : SourceRate: 0.76626500
2019-02-04 16:49:07.402  INFO 16624 --- [http-nio-8080-exec-5] c.c.s.CurrencyConverterServiceImpl       : TargetRate: 5.21590300
2019-02-04 16:49:07.403  INFO 16624 --- [http-nio-8080-exec-5] c.c.s.CurrencyConverterServiceImpl       : getRateAndCheckService has ended. Rate: 6.80691797
2019-02-04 16:49:07.404  INFO 16624 --- [http-nio-8080-exec-5] c.c.s.CurrencyConverterServiceImpl       : findConversion has ended successfully for currency: TRY
